<?xml version="1.0" encoding="UTF-8"?>
<testsuite name="com.marco.spittr.web.HomeControllerTest" tests="1" skipped="0" failures="0" errors="0" timestamp="2017-11-17T11:30:42" hostname="MAMUNOZGP7W" time="0.733">
  <properties/>
  <testcase name="testHomePage" classname="com.marco.spittr.web.HomeControllerTest" time="0.733"/>
  <system-out><![CDATA[]]></system-out>
  <system-err><![CDATA[SLF4J: Failed to load class "org.slf4j.impl.StaticLoggerBinder".
SLF4J: Defaulting to no-operation (NOP) logger implementation
SLF4J: See http://www.slf4j.org/codes.html#StaticLoggerBinder for further details.
Nov 17, 2017 12:30:43 PM org.hibernate.validator.internal.util.Version <clinit>
INFO: HV000001: Hibernate Validator 5.1.2.Final
]]></system-err>
</testsuite>
