<?xml version="1.0" encoding="UTF-8"?>
<testsuite name="com.marco.spittr.web.SpitterControllerTest" tests="2" skipped="0" failures="0" errors="0" timestamp="2017-10-24T12:00:04" hostname="MAMUNOZGP7W" time="0.297">
  <properties/>
  <testcase name="shouldShowRegistration" classname="com.marco.spittr.web.SpitterControllerTest" time="0.156"/>
  <testcase name="shouldProcessRegistration" classname="com.marco.spittr.web.SpitterControllerTest" time="0.141"/>
  <system-out><![CDATA[]]></system-out>
  <system-err><![CDATA[oct 24, 2017 2:00:04 PM org.springframework.test.web.servlet.setup.StandaloneMockMvcBuilder$StaticRequestMappingHandlerMapping registerHandlerMethod
INFORMACIÓN: Mapped "{[/spitter/register],methods=[POST],params=[],headers=[],consumes=[],produces=[],custom=[]}" onto public java.lang.String com.marco.spittr.web.SpitterController.processRegistration(com.marco.spittr.Spitter,org.springframework.validation.Errors)
oct 24, 2017 2:00:04 PM org.springframework.test.web.servlet.setup.StandaloneMockMvcBuilder$StaticRequestMappingHandlerMapping registerHandlerMethod
INFORMACIÓN: Mapped "{[/spitter/register],methods=[GET],params=[],headers=[],consumes=[],produces=[],custom=[]}" onto public java.lang.String com.marco.spittr.web.SpitterController.showRegistrationForm()
oct 24, 2017 2:00:04 PM org.springframework.test.web.servlet.setup.StandaloneMockMvcBuilder$StaticRequestMappingHandlerMapping registerHandlerMethod
INFORMACIÓN: Mapped "{[/spitter/{username}],methods=[GET],params=[],headers=[],consumes=[],produces=[],custom=[]}" onto public java.lang.String com.marco.spittr.web.SpitterController.showSpitter(java.lang.String,org.springframework.ui.Model)
oct 24, 2017 2:00:04 PM org.springframework.mock.web.MockServletContext log
INFORMACIÓN: Initializing Spring FrameworkServlet ''
oct 24, 2017 2:00:04 PM org.springframework.test.web.servlet.TestDispatcherServlet initServletBean
INFORMACIÓN: FrameworkServlet '': initialization started
oct 24, 2017 2:00:04 PM org.springframework.test.web.servlet.TestDispatcherServlet initServletBean
INFORMACIÓN: FrameworkServlet '': initialization completed in 0 ms
oct 24, 2017 2:00:04 PM org.springframework.test.web.servlet.setup.StandaloneMockMvcBuilder$StaticRequestMappingHandlerMapping registerHandlerMethod
INFORMACIÓN: Mapped "{[/spitter/register],methods=[POST],params=[],headers=[],consumes=[],produces=[],custom=[]}" onto public java.lang.String com.marco.spittr.web.SpitterController.processRegistration(com.marco.spittr.Spitter,org.springframework.validation.Errors)
oct 24, 2017 2:00:04 PM org.springframework.test.web.servlet.setup.StandaloneMockMvcBuilder$StaticRequestMappingHandlerMapping registerHandlerMethod
INFORMACIÓN: Mapped "{[/spitter/register],methods=[GET],params=[],headers=[],consumes=[],produces=[],custom=[]}" onto public java.lang.String com.marco.spittr.web.SpitterController.showRegistrationForm()
oct 24, 2017 2:00:04 PM org.springframework.test.web.servlet.setup.StandaloneMockMvcBuilder$StaticRequestMappingHandlerMapping registerHandlerMethod
INFORMACIÓN: Mapped "{[/spitter/{username}],methods=[GET],params=[],headers=[],consumes=[],produces=[],custom=[]}" onto public java.lang.String com.marco.spittr.web.SpitterController.showSpitter(java.lang.String,org.springframework.ui.Model)
oct 24, 2017 2:00:04 PM org.springframework.mock.web.MockServletContext log
INFORMACIÓN: Initializing Spring FrameworkServlet ''
oct 24, 2017 2:00:04 PM org.springframework.test.web.servlet.TestDispatcherServlet initServletBean
INFORMACIÓN: FrameworkServlet '': initialization started
oct 24, 2017 2:00:04 PM org.springframework.test.web.servlet.TestDispatcherServlet initServletBean
INFORMACIÓN: FrameworkServlet '': initialization completed in 0 ms
]]></system-err>
</testsuite>
