<?xml version="1.0" encoding="UTF-8"?>
<testsuite name="com.marco.spittr.web.SpittleControllerTest" tests="3" skipped="0" failures="0" errors="0" timestamp="2017-11-17T11:30:43" hostname="MAMUNOZGP7W" time="0.252">
  <properties/>
  <testcase name="shouldShowPagedSpittles" classname="com.marco.spittr.web.SpittleControllerTest" time="0.213"/>
  <testcase name="shouldShowRecentSpittles" classname="com.marco.spittr.web.SpittleControllerTest" time="0.018"/>
  <testcase name="testSpittle" classname="com.marco.spittr.web.SpittleControllerTest" time="0.021"/>
  <system-out><![CDATA[]]></system-out>
  <system-err><![CDATA[]]></system-err>
</testsuite>
