<?xml version="1.0" encoding="UTF-8"?>
<testsuite name="com.marco.spittr.web.HomeControllerTest" tests="1" skipped="0" failures="0" errors="0" timestamp="2017-10-24T12:00:03" hostname="MAMUNOZGP7W" time="0.984">
  <properties/>
  <testcase name="testHomePage" classname="com.marco.spittr.web.HomeControllerTest" time="0.984"/>
  <system-out><![CDATA[]]></system-out>
  <system-err><![CDATA[oct 24, 2017 2:00:03 PM org.springframework.test.web.servlet.setup.StandaloneMockMvcBuilder$StaticRequestMappingHandlerMapping registerHandlerMethod
INFORMACIÓN: Mapped "{[/homepage || /index || /],methods=[GET],params=[],headers=[],consumes=[],produces=[],custom=[]}" onto public java.lang.String com.marco.spittr.web.HomeController.home()
oct 24, 2017 2:00:03 PM org.hibernate.validator.internal.util.Version <clinit>
INFO: HV000001: Hibernate Validator 5.3.4.Final
oct 24, 2017 2:00:03 PM org.springframework.mock.web.MockServletContext log
INFORMACIÓN: Initializing Spring FrameworkServlet ''
oct 24, 2017 2:00:03 PM org.springframework.test.web.servlet.TestDispatcherServlet initServletBean
INFORMACIÓN: FrameworkServlet '': initialization started
oct 24, 2017 2:00:03 PM org.springframework.test.web.servlet.TestDispatcherServlet initServletBean
INFORMACIÓN: FrameworkServlet '': initialization completed in 15 ms
]]></system-err>
</testsuite>
